<?xml version="1.0" encoding="UTF-8"?>
<!-- Generated by org.testng.reporters.JUnitReportReporter -->
<testsuite hostname="DESKTOP-KC7BRJK" failures="0" tests="6" name="tests.test01" time="4.358" errors="0" timestamp="2021-12-03T17:49:03 BDT" skipped="0">
  <testcase classname="tests.test01" name="GetReq" time="1.578"/>
  <system-out/>
  <testcase classname="tests.test01" name="checkGetDetails" time="0.035"/>
  <system-out/>
  <testcase classname="tests.test01" name="PostReq" time="0.705"/>
  <system-out/>
  <testcase classname="tests.test01" name="PutReq" time="0.648"/>
  <system-out/>
  <testcase classname="tests.test01" name="PatchReq" time="0.681"/>
  <system-out/>
  <testcase classname="tests.test01" name="DeleteReq" time="0.711"/>
  <system-out/>
</testsuite> <!-- tests.test01 -->
