<?xml version="1.0" encoding="UTF-8"?>
<!-- Generated by org.testng.reporters.JUnitReportReporter -->
<testsuite hostname="DESKTOP-KC7BRJK" failures="0" tests="1" name="tests.TC005_DELETE_REQUEST" time="6.147" errors="0" timestamp="2021-12-02T12:40:46 BDT" skipped="0">
  <testcase classname="tests.TC005_DELETE_REQUEST" name="test01" time="6.147"/>
  <system-out/>
</testsuite> <!-- tests.TC005_DELETE_REQUEST -->
