<?xml version="1.0" encoding="UTF-8"?>
<!-- Generated by org.testng.reporters.JUnitReportReporter -->
<testsuite hostname="DESKTOP-KC7BRJK" failures="0" tests="2" name="tests.TC001_GET_REQUEST" time="3.333" errors="0" timestamp="2021-12-02T11:45:42 BDT" skipped="0">
  <testcase classname="tests.TC001_GET_REQUEST" name="Test01" time="2.308"/>
  <system-out/>
  <testcase classname="tests.TC001_GET_REQUEST" name="Test02" time="1.025"/>
  <system-out/>
</testsuite> <!-- tests.TC001_GET_REQUEST -->
