<?xml version="1.0" encoding="UTF-8"?>
<!-- Generated by org.testng.reporters.JUnitReportReporter -->
<testsuite hostname="DESKTOP-KC7BRJK" failures="0" tests="2" name="tests.TC002_PUT_REQUEST" time="7.254" errors="0" timestamp="2021-12-02T11:45:25 BDT" skipped="0">
  <testcase classname="tests.TC002_PUT_REQUEST" name="test01" time="6.680"/>
  <system-out/>
  <testcase classname="tests.TC002_PUT_REQUEST" name="test02" time="0.574"/>
  <system-out/>
</testsuite> <!-- tests.TC002_PUT_REQUEST -->
