<?xml version="1.0" encoding="UTF-8"?>
<!-- Generated by org.testng.reporters.JUnitReportReporter -->
<testsuite hostname="DESKTOP-KC7BRJK" failures="0" tests="1" name="tests.TC001_PATCH_REQUEST" time="5.998" errors="0" timestamp="2021-12-02T12:04:23 BDT" skipped="0">
  <testcase classname="tests.TC001_PATCH_REQUEST" name="test01" time="5.998"/>
  <system-out/>
</testsuite> <!-- tests.TC001_PATCH_REQUEST -->
