<?xml version="1.0" encoding="UTF-8"?>
<!-- Generated by org.testng.reporters.JUnitReportReporter -->
<testsuite hostname="DESKTOP-KC7BRJK" failures="0" tests="1" name="tests.TC003_PUT_REQUEST" time="6.407" errors="0" timestamp="2021-12-02T11:59:51 BDT" skipped="0">
  <testcase classname="tests.TC003_PUT_REQUEST" name="test01" time="6.407"/>
  <system-out/>
</testsuite> <!-- tests.TC003_PUT_REQUEST -->
