<?xml version="1.0" encoding="UTF-8"?>
<!-- Generated by org.testng.reporters.JUnitReportReporter -->
<testsuite hostname="DESKTOP-KC7BRJK" failures="0" tests="6" name="tests.test01" time="7.648" errors="0" timestamp="2021-12-06T17:36:05 BDT" skipped="0">
  <testcase classname="tests.test01" name="GetReq" time="4.709"/>
  <system-out/>
  <testcase classname="tests.test01" name="checkGetDetails" time="0.043"/>
  <system-out/>
  <testcase classname="tests.test01" name="PostReq" time="0.757"/>
  <system-out/>
  <testcase classname="tests.test01" name="PutReq" time="0.719"/>
  <system-out/>
  <testcase classname="tests.test01" name="PatchReq" time="0.701"/>
  <system-out/>
  <testcase classname="tests.test01" name="DeleteReq" time="0.719"/>
  <system-out/>
</testsuite> <!-- tests.test01 -->
